2017-01-29 09:06:42,354  INFO ApplicationStart:48 - Starting ApplicationStart on CSVUOQ67QQX2FAX with PID 6020 (D:\Tool\workspace(4.6-64)\springbootBaseConfig\target\classes started by Administrator in D:\Tool\workspace(4.6-64)\springbootBaseConfig)
  2017-01-29 09:06:42,373  INFO ApplicationStart:661 - No active profile set, falling back to default profiles: default
  2017-01-29 09:06:43,046  INFO AnnotationConfigEmbeddedWebApplicationContext:582 - Refreshing org.springframework.boot.context.embedded.AnnotationConfigEmbeddedWebApplicationContext@15de0b3c: startup date [Sun Jan 29 09:06:43 CST 2017]; root of context hierarchy
  2017-01-29 09:06:46,701  INFO Version:30 - HV000001: Hibernate Validator 5.2.4.Final
  2017-01-29 09:06:50,959  INFO DefaultListableBeanFactory:821 - Overriding bean definition for bean 'managementServletContext' with a different definition: replacing [Root bean: class [null]; scope=; abstract=false; lazyInit=false; autowireMode=3; dependencyCheck=0; autowireCandidate=true; primary=false; factoryBeanName=org.springframework.boot.actuate.autoconfigure.EndpointWebMvcHypermediaManagementContextConfiguration; factoryMethodName=managementServletContext; initMethodName=null; destroyMethodName=(inferred); defined in class path resource [org/springframework/boot/actuate/autoconfigure/EndpointWebMvcHypermediaManagementContextConfiguration.class]] with [Root bean: class [null]; scope=; abstract=false; lazyInit=false; autowireMode=3; dependencyCheck=0; autowireCandidate=true; primary=false; factoryBeanName=org.springframework.boot.actuate.autoconfigure.EndpointWebMvcAutoConfiguration; factoryMethodName=managementServletContext; initMethodName=null; destroyMethodName=(inferred); defined in class path resource [org/springframework/boot/actuate/autoconfigure/EndpointWebMvcAutoConfiguration.class]]
  2017-01-29 09:06:52,817  INFO PostProcessorRegistrationDelegate$BeanPostProcessorChecker:325 - Bean 'org.springframework.transaction.annotation.ProxyTransactionManagementConfiguration' of type [class org.springframework.transaction.annotation.ProxyTransactionManagementConfiguration$$EnhancerBySpringCGLIB$$2c0b3e0f] is not eligible for getting processed by all BeanPostProcessors (for example: not eligible for auto-proxying)
  2017-01-29 09:06:55,568  INFO TomcatEmbeddedServletContainer:87 - Tomcat initialized with port(s): 8083 (http)
  2017-01-29 09:06:57,637  INFO ContextLoader:276 - Root WebApplicationContext: initialization completed in 14615 ms
  2017-01-29 09:06:58,353  INFO ServletRegistrationBean:190 - Mapping servlet: 'dispatcherServlet' to [/]
  2017-01-29 09:06:58,421  INFO FilterRegistrationBean:258 - Mapping filter: 'metricsFilter' to: [/*]
  2017-01-29 09:06:58,421  INFO FilterRegistrationBean:258 - Mapping filter: 'characterEncodingFilter' to: [/*]
  2017-01-29 09:06:58,423  INFO FilterRegistrationBean:258 - Mapping filter: 'hiddenHttpMethodFilter' to: [/*]
  2017-01-29 09:06:58,423  INFO FilterRegistrationBean:258 - Mapping filter: 'httpPutFormContentFilter' to: [/*]
  2017-01-29 09:06:58,424  INFO FilterRegistrationBean:258 - Mapping filter: 'requestContextFilter' to: [/*]
  2017-01-29 09:06:58,426  INFO FilterRegistrationBean:258 - Mapping filter: 'webRequestLoggingFilter' to: [/*]
  2017-01-29 09:06:58,426  INFO FilterRegistrationBean:258 - Mapping filter: 'applicationContextIdFilter' to: [/*]
  2017-01-29 09:07:00,979  INFO LocalContainerEntityManagerFactoryBean:349 - Building JPA container EntityManagerFactory for persistence unit 'default'
  2017-01-29 09:07:01,102  INFO LogHelper:31 - HHH000204: Processing PersistenceUnitInfo [
	name: default
	...]
  2017-01-29 09:07:01,998  INFO Version:37 - HHH000412: Hibernate Core {5.0.11.Final}
  2017-01-29 09:07:02,000  INFO Environment:213 - HHH000206: hibernate.properties not found
  2017-01-29 09:07:02,004  INFO Environment:317 - HHH000021: Bytecode provider name : javassist
  2017-01-29 09:07:02,302  INFO Version:66 - HCANN000001: Hibernate Commons Annotations {5.0.1.Final}
  2017-01-29 09:07:02,933  INFO Dialect:156 - HHH000400: Using dialect: org.hibernate.dialect.MySQL5Dialect
  2017-01-29 09:07:05,115  INFO SchemaUpdate:105 - HHH000228: Running hbm2ddl schema update
  2017-01-29 09:07:05,444  INFO LocalContainerEntityManagerFactoryBean:382 - Initialized JPA EntityManagerFactory for persistence unit 'default'
  2017-01-29 09:07:06,406  INFO PropertiesFactoryBean:172 - Loading properties file from class path resource [rest-default-messages.properties]
  2017-01-29 09:07:07,961  INFO RequestMappingHandlerAdapter:534 - Looking for @ControllerAdvice: org.springframework.boot.context.embedded.AnnotationConfigEmbeddedWebApplicationContext@15de0b3c: startup date [Sun Jan 29 09:06:43 CST 2017]; root of context hierarchy
  2017-01-29 09:07:07,981  INFO RequestMappingHandlerAdapter:566 - Detected ResponseBodyAdvice bean in org.springframework.boot.actuate.autoconfigure.EndpointWebMvcHypermediaManagementContextConfiguration$ActuatorEndpointLinksAdvice
  2017-01-29 09:07:08,181  INFO RequestMappingHandlerMapping:543 - Mapped "{[/test/one]}" onto public java.lang.String com.stone.controller.OneController.test(org.springframework.ui.Model)
  2017-01-29 09:07:08,184  INFO RequestMappingHandlerMapping:543 - Mapped "{[/user/get],methods=[POST]}" onto public java.lang.Object com.stone.controller.UserController.getUser(java.lang.Long)
  2017-01-29 09:07:08,185  INFO RequestMappingHandlerMapping:543 - Mapped "{[/user/testList],methods=[POST]}" onto public java.lang.Object com.stone.controller.UserController.getList()
  2017-01-29 09:07:08,186  INFO RequestMappingHandlerMapping:543 - Mapped "{[/user/testUeditor],methods=[POST]}" onto public void com.stone.controller.UserController.testUeditor(javax.servlet.http.HttpServletRequest)
  2017-01-29 09:07:08,189  INFO RequestMappingHandlerMapping:543 - Mapped "{[/error]}" onto public org.springframework.http.ResponseEntity<java.util.Map<java.lang.String, java.lang.Object>> org.springframework.boot.autoconfigure.web.BasicErrorController.error(javax.servlet.http.HttpServletRequest)
  2017-01-29 09:07:08,190  INFO RequestMappingHandlerMapping:543 - Mapped "{[/error],produces=[text/html]}" onto public org.springframework.web.servlet.ModelAndView org.springframework.boot.autoconfigure.web.BasicErrorController.errorHtml(javax.servlet.http.HttpServletRequest,javax.servlet.http.HttpServletResponse)
  2017-01-29 09:07:08,281  INFO SimpleUrlHandlerMapping:354 - Mapped URL path [/webjars/**] onto handler of type [class org.springframework.web.servlet.resource.ResourceHttpRequestHandler]
  2017-01-29 09:07:08,281  INFO SimpleUrlHandlerMapping:354 - Mapped URL path [/**] onto handler of type [class org.springframework.web.servlet.resource.ResourceHttpRequestHandler]
  2017-01-29 09:07:08,316  INFO ExceptionHandlerExceptionResolver:271 - Detected @ExceptionHandler methods in repositoryRestExceptionHandler
  2017-01-29 09:07:08,316  INFO ExceptionHandlerExceptionResolver:277 - Detected ResponseBodyAdvice implementation in org.springframework.boot.actuate.autoconfigure.EndpointWebMvcHypermediaManagementContextConfiguration$ActuatorEndpointLinksAdvice
  2017-01-29 09:07:08,378  INFO SimpleUrlHandlerMapping:354 - Mapped URL path [/**/favicon.ico] onto handler of type [class org.springframework.web.servlet.resource.ResourceHttpRequestHandler]
  2017-01-29 09:07:09,482  INFO RepositoryRestHandlerAdapter:534 - Looking for @ControllerAdvice: org.springframework.boot.context.embedded.AnnotationConfigEmbeddedWebApplicationContext@15de0b3c: startup date [Sun Jan 29 09:06:43 CST 2017]; root of context hierarchy
  2017-01-29 09:07:09,487  INFO RepositoryRestHandlerAdapter:566 - Detected ResponseBodyAdvice bean in org.springframework.boot.actuate.autoconfigure.EndpointWebMvcHypermediaManagementContextConfiguration$ActuatorEndpointLinksAdvice
  2017-01-29 09:07:09,498  INFO RepositoryRestHandlerMapping:543 - Mapped "{[/ || ],methods=[GET],produces=[application/hal+json || application/json || application/*+json;charset=UTF-8]}" onto public org.springframework.http.HttpEntity<org.springframework.data.rest.webmvc.RepositoryLinksResource> org.springframework.data.rest.webmvc.RepositoryController.listRepositories()
  2017-01-29 09:07:09,499  INFO RepositoryRestHandlerMapping:543 - Mapped "{[/ || ],methods=[OPTIONS],produces=[application/hal+json || application/json || application/*+json;charset=UTF-8]}" onto public org.springframework.http.HttpEntity<?> org.springframework.data.rest.webmvc.RepositoryController.optionsForRepositories()
  2017-01-29 09:07:09,500  INFO RepositoryRestHandlerMapping:543 - Mapped "{[/ || ],methods=[HEAD],produces=[application/hal+json || application/json || application/*+json;charset=UTF-8]}" onto public org.springframework.http.ResponseEntity<?> org.springframework.data.rest.webmvc.RepositoryController.headForRepositories()
  2017-01-29 09:07:09,507  INFO RepositoryRestHandlerMapping:543 - Mapped "{[/{repository}/{id}],methods=[GET],produces=[application/hal+json || application/json || application/*+json;charset=UTF-8]}" onto public org.springframework.http.ResponseEntity<org.springframework.hateoas.Resource<?>> org.springframework.data.rest.webmvc.RepositoryEntityController.getItemResource(org.springframework.data.rest.webmvc.RootResourceInformation,java.io.Serializable,org.springframework.data.rest.webmvc.PersistentEntityResourceAssembler,org.springframework.util.MultiValueMap<java.lang.String, java.lang.String>) throws org.springframework.web.HttpRequestMethodNotSupportedException
  2017-01-29 09:07:09,508  INFO RepositoryRestHandlerMapping:543 - Mapped "{[/{repository}/{id}],methods=[PUT],produces=[application/hal+json || application/json || application/*+json;charset=UTF-8]}" onto public org.springframework.http.ResponseEntity<? extends org.springframework.hateoas.ResourceSupport> org.springframework.data.rest.webmvc.RepositoryEntityController.putItemResource(org.springframework.data.rest.webmvc.RootResourceInformation,org.springframework.data.rest.webmvc.PersistentEntityResource,java.io.Serializable,org.springframework.data.rest.webmvc.PersistentEntityResourceAssembler,org.springframework.data.rest.webmvc.support.ETag,java.lang.String) throws org.springframework.web.HttpRequestMethodNotSupportedException
  2017-01-29 09:07:09,509  INFO RepositoryRestHandlerMapping:543 - Mapped "{[/{repository}],methods=[OPTIONS],produces=[application/hal+json || application/json || application/*+json;charset=UTF-8]}" onto public org.springframework.http.ResponseEntity<?> org.springframework.data.rest.webmvc.RepositoryEntityController.optionsForCollectionResource(org.springframework.data.rest.webmvc.RootResourceInformation)
  2017-01-29 09:07:09,510  INFO RepositoryRestHandlerMapping:543 - Mapped "{[/{repository}],methods=[HEAD],produces=[application/hal+json || application/json || application/*+json;charset=UTF-8]}" onto public org.springframework.http.ResponseEntity<?> org.springframework.data.rest.webmvc.RepositoryEntityController.headCollectionResource(org.springframework.data.rest.webmvc.RootResourceInformation,org.springframework.data.rest.webmvc.support.DefaultedPageable) throws org.springframework.web.HttpRequestMethodNotSupportedException
  2017-01-29 09:07:09,511  INFO RepositoryRestHandlerMapping:543 - Mapped "{[/{repository}],methods=[GET],produces=[application/hal+json || application/json || application/*+json;charset=UTF-8]}" onto public org.springframework.hateoas.Resources<?> org.springframework.data.rest.webmvc.RepositoryEntityController.getCollectionResource(org.springframework.data.rest.webmvc.RootResourceInformation,org.springframework.data.rest.webmvc.support.DefaultedPageable,org.springframework.data.domain.Sort,org.springframework.data.rest.webmvc.PersistentEntityResourceAssembler) throws org.springframework.data.rest.webmvc.ResourceNotFoundException,org.springframework.web.HttpRequestMethodNotSupportedException
  2017-01-29 09:07:09,512  INFO RepositoryRestHandlerMapping:543 - Mapped "{[/{repository}],methods=[GET],produces=[application/x-spring-data-compact+json || text/uri-list]}" onto public org.springframework.hateoas.Resources<?> org.springframework.data.rest.webmvc.RepositoryEntityController.getCollectionResourceCompact(org.springframework.data.rest.webmvc.RootResourceInformation,org.springframework.data.rest.webmvc.support.DefaultedPageable,org.springframework.data.domain.Sort,org.springframework.data.rest.webmvc.PersistentEntityResourceAssembler) throws org.springframework.data.rest.webmvc.ResourceNotFoundException,org.springframework.web.HttpRequestMethodNotSupportedException
  2017-01-29 09:07:09,513  INFO RepositoryRestHandlerMapping:543 - Mapped "{[/{repository}],methods=[POST],produces=[application/hal+json || application/json || application/*+json;charset=UTF-8]}" onto public org.springframework.http.ResponseEntity<org.springframework.hateoas.ResourceSupport> org.springframework.data.rest.webmvc.RepositoryEntityController.postCollectionResource(org.springframework.data.rest.webmvc.RootResourceInformation,org.springframework.data.rest.webmvc.PersistentEntityResource,org.springframework.data.rest.webmvc.PersistentEntityResourceAssembler,java.lang.String) throws org.springframework.web.HttpRequestMethodNotSupportedException
  2017-01-29 09:07:09,514  INFO RepositoryRestHandlerMapping:543 - Mapped "{[/{repository}/{id}],methods=[OPTIONS],produces=[application/hal+json || application/json || application/*+json;charset=UTF-8]}" onto public org.springframework.http.ResponseEntity<?> org.springframework.data.rest.webmvc.RepositoryEntityController.optionsForItemResource(org.springframework.data.rest.webmvc.RootResourceInformation)
  2017-01-29 09:07:09,515  INFO RepositoryRestHandlerMapping:543 - Mapped "{[/{repository}/{id}],methods=[HEAD],produces=[application/hal+json || application/json || application/*+json;charset=UTF-8]}" onto public org.springframework.http.ResponseEntity<?> org.springframework.data.rest.webmvc.RepositoryEntityController.headForItemResource(org.springframework.data.rest.webmvc.RootResourceInformation,java.io.Serializable,org.springframework.data.rest.webmvc.PersistentEntityResourceAssembler) throws org.springframework.web.HttpRequestMethodNotSupportedException
  2017-01-29 09:07:09,517  INFO RepositoryRestHandlerMapping:543 - Mapped "{[/{repository}/{id}],methods=[PATCH],produces=[application/hal+json || application/json || application/*+json;charset=UTF-8]}" onto public org.springframework.http.ResponseEntity<org.springframework.hateoas.ResourceSupport> org.springframework.data.rest.webmvc.RepositoryEntityController.patchItemResource(org.springframework.data.rest.webmvc.RootResourceInformation,org.springframework.data.rest.webmvc.PersistentEntityResource,java.io.Serializable,org.springframework.data.rest.webmvc.PersistentEntityResourceAssembler,org.springframework.data.rest.webmvc.support.ETag,java.lang.String) throws org.springframework.web.HttpRequestMethodNotSupportedException,org.springframework.data.rest.webmvc.ResourceNotFoundException
  2017-01-29 09:07:09,518  INFO RepositoryRestHandlerMapping:543 - Mapped "{[/{repository}/{id}],methods=[DELETE],produces=[application/hal+json || application/json || application/*+json;charset=UTF-8]}" onto public org.springframework.http.ResponseEntity<?> org.springframework.data.rest.webmvc.RepositoryEntityController.deleteItemResource(org.springframework.data.rest.webmvc.RootResourceInformation,java.io.Serializable,org.springframework.data.rest.webmvc.support.ETag) throws org.springframework.data.rest.webmvc.ResourceNotFoundException,org.springframework.web.HttpRequestMethodNotSupportedException
  2017-01-29 09:07:09,521  INFO RepositoryRestHandlerMapping:543 - Mapped "{[/{repository}/{id}/{property}],methods=[GET],produces=[application/hal+json || application/json || application/*+json;charset=UTF-8]}" onto public org.springframework.http.ResponseEntity<org.springframework.hateoas.ResourceSupport> org.springframework.data.rest.webmvc.RepositoryPropertyReferenceController.followPropertyReference(org.springframework.data.rest.webmvc.RootResourceInformation,java.io.Serializable,java.lang.String,org.springframework.data.rest.webmvc.PersistentEntityResourceAssembler) throws java.lang.Exception
  2017-01-29 09:07:09,522  INFO RepositoryRestHandlerMapping:543 - Mapped "{[/{repository}/{id}/{property}/{propertyId}],methods=[GET],produces=[application/hal+json || application/json || application/*+json;charset=UTF-8]}" onto public org.springframework.http.ResponseEntity<org.springframework.hateoas.ResourceSupport> org.springframework.data.rest.webmvc.RepositoryPropertyReferenceController.followPropertyReference(org.springframework.data.rest.webmvc.RootResourceInformation,java.io.Serializable,java.lang.String,java.lang.String,org.springframework.data.rest.webmvc.PersistentEntityResourceAssembler) throws java.lang.Exception
  2017-01-29 09:07:09,524  INFO RepositoryRestHandlerMapping:543 - Mapped "{[/{repository}/{id}/{property}],methods=[DELETE],produces=[application/hal+json || application/json || application/*+json;charset=UTF-8]}" onto public org.springframework.http.ResponseEntity<? extends org.springframework.hateoas.ResourceSupport> org.springframework.data.rest.webmvc.RepositoryPropertyReferenceController.deletePropertyReference(org.springframework.data.rest.webmvc.RootResourceInformation,java.io.Serializable,java.lang.String) throws java.lang.Exception
  2017-01-29 09:07:09,525  INFO RepositoryRestHandlerMapping:543 - Mapped "{[/{repository}/{id}/{property}],methods=[GET],produces=[application/x-spring-data-compact+json || text/uri-list]}" onto public org.springframework.http.ResponseEntity<org.springframework.hateoas.ResourceSupport> org.springframework.data.rest.webmvc.RepositoryPropertyReferenceController.followPropertyReferenceCompact(org.springframework.data.rest.webmvc.RootResourceInformation,java.io.Serializable,java.lang.String,org.springframework.data.rest.webmvc.PersistentEntityResourceAssembler) throws java.lang.Exception
  2017-01-29 09:07:09,526  INFO RepositoryRestHandlerMapping:543 - Mapped "{[/{repository}/{id}/{property}],methods=[PATCH || PUT || POST],consumes=[application/json || application/x-spring-data-compact+json || text/uri-list],produces=[application/hal+json || application/json || application/*+json;charset=UTF-8]}" onto public org.springframework.http.ResponseEntity<? extends org.springframework.hateoas.ResourceSupport> org.springframework.data.rest.webmvc.RepositoryPropertyReferenceController.createPropertyReference(org.springframework.data.rest.webmvc.RootResourceInformation,org.springframework.http.HttpMethod,org.springframework.hateoas.Resources<java.lang.Object>,java.io.Serializable,java.lang.String) throws java.lang.Exception
  2017-01-29 09:07:09,527  INFO RepositoryRestHandlerMapping:543 - Mapped "{[/{repository}/{id}/{property}/{propertyId}],methods=[DELETE],produces=[application/hal+json || application/json || application/*+json;charset=UTF-8]}" onto public org.springframework.http.ResponseEntity<org.springframework.hateoas.ResourceSupport> org.springframework.data.rest.webmvc.RepositoryPropertyReferenceController.deletePropertyReferenceId(org.springframework.data.rest.webmvc.RootResourceInformation,java.io.Serializable,java.lang.String,java.lang.String) throws java.lang.Exception
  2017-01-29 09:07:09,531  INFO RepositoryRestHandlerMapping:543 - Mapped "{[/{repository}/search/{search}],methods=[OPTIONS],produces=[application/hal+json || application/json || application/*+json;charset=UTF-8]}" onto public org.springframework.http.ResponseEntity<java.lang.Object> org.springframework.data.rest.webmvc.RepositorySearchController.optionsForSearch(org.springframework.data.rest.webmvc.RootResourceInformation,java.lang.String)
  2017-01-29 09:07:09,533  INFO RepositoryRestHandlerMapping:543 - Mapped "{[/{repository}/search/{search}],methods=[HEAD],produces=[application/hal+json || application/json || application/*+json;charset=UTF-8]}" onto public org.springframework.http.ResponseEntity<java.lang.Object> org.springframework.data.rest.webmvc.RepositorySearchController.headForSearch(org.springframework.data.rest.webmvc.RootResourceInformation,java.lang.String)
  2017-01-29 09:07:09,534  INFO RepositoryRestHandlerMapping:543 - Mapped "{[/{repository}/search],methods=[GET],produces=[application/hal+json || application/json || application/*+json;charset=UTF-8]}" onto public org.springframework.data.rest.webmvc.RepositorySearchesResource org.springframework.data.rest.webmvc.RepositorySearchController.listSearches(org.springframework.data.rest.webmvc.RootResourceInformation)
  2017-01-29 09:07:09,538  INFO RepositoryRestHandlerMapping:543 - Mapped "{[/{repository}/search],methods=[HEAD],produces=[application/hal+json || application/json || application/*+json;charset=UTF-8]}" onto public org.springframework.http.HttpEntity<?> org.springframework.data.rest.webmvc.RepositorySearchController.headForSearches(org.springframework.data.rest.webmvc.RootResourceInformation)
  2017-01-29 09:07:09,539  INFO RepositoryRestHandlerMapping:543 - Mapped "{[/{repository}/search/{search}],methods=[GET],produces=[application/hal+json || application/json || application/*+json;charset=UTF-8]}" onto public org.springframework.http.ResponseEntity<java.lang.Object> org.springframework.data.rest.webmvc.RepositorySearchController.executeSearch(org.springframework.data.rest.webmvc.RootResourceInformation,org.springframework.util.MultiValueMap<java.lang.String, java.lang.Object>,java.lang.String,org.springframework.data.rest.webmvc.support.DefaultedPageable,org.springframework.data.domain.Sort,org.springframework.data.rest.webmvc.PersistentEntityResourceAssembler)
  2017-01-29 09:07:09,540  INFO RepositoryRestHandlerMapping:543 - Mapped "{[/{repository}/search],methods=[OPTIONS],produces=[application/hal+json || application/json || application/*+json;charset=UTF-8]}" onto public org.springframework.http.HttpEntity<?> org.springframework.data.rest.webmvc.RepositorySearchController.optionsForSearches(org.springframework.data.rest.webmvc.RootResourceInformation)
  2017-01-29 09:07:09,541  INFO RepositoryRestHandlerMapping:543 - Mapped "{[/{repository}/search/{search}],methods=[GET],produces=[application/x-spring-data-compact+json]}" onto public org.springframework.hateoas.ResourceSupport org.springframework.data.rest.webmvc.RepositorySearchController.executeSearchCompact(org.springframework.data.rest.webmvc.RootResourceInformation,org.springframework.util.MultiValueMap<java.lang.String, java.lang.Object>,java.lang.String,java.lang.String,org.springframework.data.rest.webmvc.support.DefaultedPageable,org.springframework.data.domain.Sort,org.springframework.data.rest.webmvc.PersistentEntityResourceAssembler)
  2017-01-29 09:07:09,555  INFO BasePathAwareHandlerMapping:543 - Mapped "{[/profile/{repository}],methods=[GET],produces=[application/alps+json || */*]}" onto org.springframework.http.HttpEntity<org.springframework.data.rest.webmvc.RootResourceInformation> org.springframework.data.rest.webmvc.alps.AlpsController.descriptor(org.springframework.data.rest.webmvc.RootResourceInformation)
  2017-01-29 09:07:09,555  INFO BasePathAwareHandlerMapping:543 - Mapped "{[/profile/{repository}],methods=[OPTIONS],produces=[application/alps+json]}" onto org.springframework.http.HttpEntity<?> org.springframework.data.rest.webmvc.alps.AlpsController.alpsOptions()
  2017-01-29 09:07:09,556  INFO BasePathAwareHandlerMapping:543 - Mapped "{[/profile],methods=[OPTIONS]}" onto public org.springframework.http.HttpEntity<?> org.springframework.data.rest.webmvc.ProfileController.profileOptions()
  2017-01-29 09:07:09,557  INFO BasePathAwareHandlerMapping:543 - Mapped "{[/profile],methods=[GET]}" onto org.springframework.http.HttpEntity<org.springframework.hateoas.ResourceSupport> org.springframework.data.rest.webmvc.ProfileController.listAllFormsOfMetadata()
  2017-01-29 09:07:09,559  INFO BasePathAwareHandlerMapping:543 - Mapped "{[/profile/{repository}],methods=[GET],produces=[application/schema+json]}" onto public org.springframework.http.HttpEntity<org.springframework.data.rest.webmvc.json.JsonSchema> org.springframework.data.rest.webmvc.RepositorySchemaController.schema(org.springframework.data.rest.webmvc.RootResourceInformation)
  2017-01-29 09:07:09,581  INFO ExceptionHandlerExceptionResolver:271 - Detected @ExceptionHandler methods in repositoryRestExceptionHandler
  2017-01-29 09:07:09,582  INFO ExceptionHandlerExceptionResolver:277 - Detected ResponseBodyAdvice implementation in org.springframework.boot.actuate.autoconfigure.EndpointWebMvcHypermediaManagementContextConfiguration$ActuatorEndpointLinksAdvice
  2017-01-29 09:07:09,896  INFO EndpointHandlerMapping:543 - Mapped "{[/dump || /dump.json],methods=[GET],produces=[application/json]}" onto public java.lang.Object org.springframework.boot.actuate.endpoint.mvc.EndpointMvcAdapter.invoke()
  2017-01-29 09:07:09,898  INFO EndpointHandlerMapping:543 - Mapped "{[/mappings || /mappings.json],methods=[GET],produces=[application/json]}" onto public java.lang.Object org.springframework.boot.actuate.endpoint.mvc.EndpointMvcAdapter.invoke()
  2017-01-29 09:07:09,899  INFO EndpointHandlerMapping:543 - Mapped "{[/actuator || /actuator.json],produces=[application/json]}" onto public org.springframework.hateoas.ResourceSupport org.springframework.boot.actuate.endpoint.mvc.HalJsonMvcEndpoint.links()
  2017-01-29 09:07:09,900  INFO EndpointHandlerMapping:543 - Mapped "{[/configprops || /configprops.json],methods=[GET],produces=[application/json]}" onto public java.lang.Object org.springframework.boot.actuate.endpoint.mvc.EndpointMvcAdapter.invoke()
  2017-01-29 09:07:09,902  INFO EndpointHandlerMapping:543 - Mapped "{[/env/{name:.*}],methods=[GET],produces=[application/json]}" onto public java.lang.Object org.springframework.boot.actuate.endpoint.mvc.EnvironmentMvcEndpoint.value(java.lang.String)
  2017-01-29 09:07:09,903  INFO EndpointHandlerMapping:543 - Mapped "{[/env || /env.json],methods=[GET],produces=[application/json]}" onto public java.lang.Object org.springframework.boot.actuate.endpoint.mvc.EndpointMvcAdapter.invoke()
  2017-01-29 09:07:09,904  INFO EndpointHandlerMapping:543 - Mapped "{[/health || /health.json],produces=[application/json]}" onto public java.lang.Object org.springframework.boot.actuate.endpoint.mvc.HealthMvcEndpoint.invoke(java.security.Principal)
  2017-01-29 09:07:09,905  INFO EndpointHandlerMapping:543 - Mapped "{[/beans || /beans.json],methods=[GET],produces=[application/json]}" onto public java.lang.Object org.springframework.boot.actuate.endpoint.mvc.EndpointMvcAdapter.invoke()
  2017-01-29 09:07:09,906  INFO EndpointHandlerMapping:543 - Mapped "{[/info || /info.json],methods=[GET],produces=[application/json]}" onto public java.lang.Object org.springframework.boot.actuate.endpoint.mvc.EndpointMvcAdapter.invoke()
  2017-01-29 09:07:09,908  INFO EndpointHandlerMapping:543 - Mapped "{[/heapdump || /heapdump.json],methods=[GET],produces=[application/octet-stream]}" onto public void org.springframework.boot.actuate.endpoint.mvc.HeapdumpMvcEndpoint.invoke(boolean,javax.servlet.http.HttpServletRequest,javax.servlet.http.HttpServletResponse) throws java.io.IOException,javax.servlet.ServletException
  2017-01-29 09:07:09,914  INFO EndpointHandlerMapping:543 - Mapped "{[/metrics/{name:.*}],methods=[GET],produces=[application/json]}" onto public java.lang.Object org.springframework.boot.actuate.endpoint.mvc.MetricsMvcEndpoint.value(java.lang.String)
  2017-01-29 09:07:09,915  INFO EndpointHandlerMapping:543 - Mapped "{[/metrics || /metrics.json],methods=[GET],produces=[application/json]}" onto public java.lang.Object org.springframework.boot.actuate.endpoint.mvc.EndpointMvcAdapter.invoke()
  2017-01-29 09:07:09,917  INFO EndpointHandlerMapping:543 - Mapped "{[/trace || /trace.json],methods=[GET],produces=[application/json]}" onto public java.lang.Object org.springframework.boot.actuate.endpoint.mvc.EndpointMvcAdapter.invoke()
  2017-01-29 09:07:09,918  INFO EndpointHandlerMapping:543 - Mapped "{[/autoconfig || /autoconfig.json],methods=[GET],produces=[application/json]}" onto public java.lang.Object org.springframework.boot.actuate.endpoint.mvc.EndpointMvcAdapter.invoke()
  2017-01-29 09:07:10,331  INFO AnnotationMBeanExporter:431 - Registering beans for JMX exposure on startup
  2017-01-29 09:07:10,343  INFO EndpointMBeanExporter:431 - Registering beans for JMX exposure on startup
  2017-01-29 09:07:10,361  INFO DefaultLifecycleProcessor:341 - Starting beans in phase 0
  2017-01-29 09:07:10,366  INFO EndpointMBeanExporter:674 - Located managed bean 'requestMappingEndpoint': registering with JMX server as MBean [org.springframework.boot:type=Endpoint,name=requestMappingEndpoint]
  2017-01-29 09:07:10,446  INFO EndpointMBeanExporter:674 - Located managed bean 'environmentEndpoint': registering with JMX server as MBean [org.springframework.boot:type=Endpoint,name=environmentEndpoint]
  2017-01-29 09:07:10,462  INFO EndpointMBeanExporter:674 - Located managed bean 'healthEndpoint': registering with JMX server as MBean [org.springframework.boot:type=Endpoint,name=healthEndpoint]
  2017-01-29 09:07:10,508  INFO EndpointMBeanExporter:674 - Located managed bean 'beansEndpoint': registering with JMX server as MBean [org.springframework.boot:type=Endpoint,name=beansEndpoint]
  2017-01-29 09:07:10,517  INFO EndpointMBeanExporter:674 - Located managed bean 'infoEndpoint': registering with JMX server as MBean [org.springframework.boot:type=Endpoint,name=infoEndpoint]
  2017-01-29 09:07:10,525  INFO EndpointMBeanExporter:674 - Located managed bean 'metricsEndpoint': registering with JMX server as MBean [org.springframework.boot:type=Endpoint,name=metricsEndpoint]
  2017-01-29 09:07:10,530  INFO EndpointMBeanExporter:674 - Located managed bean 'traceEndpoint': registering with JMX server as MBean [org.springframework.boot:type=Endpoint,name=traceEndpoint]
  2017-01-29 09:07:10,534  INFO EndpointMBeanExporter:674 - Located managed bean 'dumpEndpoint': registering with JMX server as MBean [org.springframework.boot:type=Endpoint,name=dumpEndpoint]
  2017-01-29 09:07:10,546  INFO EndpointMBeanExporter:674 - Located managed bean 'autoConfigurationReportEndpoint': registering with JMX server as MBean [org.springframework.boot:type=Endpoint,name=autoConfigurationReportEndpoint]
  2017-01-29 09:07:10,549  INFO EndpointMBeanExporter:674 - Located managed bean 'configurationPropertiesReportEndpoint': registering with JMX server as MBean [org.springframework.boot:type=Endpoint,name=configurationPropertiesReportEndpoint]
  2017-01-29 09:07:11,157  INFO TomcatEmbeddedServletContainer:185 - Tomcat started on port(s): 8083 (http)
  2017-01-29 09:07:11,169  INFO ApplicationStart:57 - Started ApplicationStart in 32.37 seconds (JVM running for 38.764)
  2017-01-29 09:08:07,815  INFO DispatcherServlet:489 - FrameworkServlet 'dispatcherServlet': initialization started
  2017-01-29 09:08:07,894  INFO DispatcherServlet:508 - FrameworkServlet 'dispatcherServlet': initialization completed in 79 ms
  